This file contains any messages produced by compilers while
running configure, to aid debugging if configure makes a mistake.

It was created by tslib configure 1.0.0, which was
generated by GNU Autoconf 2.69.  Invocation command line was

  $ ./configure --bindir=/usr/bin --includedir=/usr/include --libdir=/usr/lib --sysconfdir=/etc --host=arm-uclinuxeabi --build=i386-linux --enable-linear-h2200=no --enable-ucb1x00=no --enable-cy8mrln-palmpre=no --enable-corgi=no --enable-collie=no --enable-h3600=no --enable-mk712=no --enable-arctic2=no --enable-tatung=no --enable-dmc=no --enable-input=static --enable-pthres=static --enable-variance=static --enable-dejitter=static --enable-linear=static --enable-touchkit=no --enable-static --disable-shared CFLAGS=-mcpu=cortex-m3 -mthumb -Os -Wall LDFLAGS=-mcpu=cortex-m3 -mthumb

## --------- ##
## Platform. ##
## --------- ##

hostname = skywanderer.emcraft.com
uname -m = i686
uname -r = 3.14.27-100.fc19.i686.PAE
uname -s = Linux
uname -v = #1 SMP Wed Dec 17 19:56:19 UTC 2014

/usr/bin/uname -p = i686
/bin/uname -X     = unknown

/bin/arch              = i686
/usr/bin/arch -k       = unknown
/usr/convex/getsysinfo = unknown
/usr/bin/hostinfo      = unknown
/bin/machine           = unknown
/usr/bin/oslevel       = unknown
/bin/universe          = unknown

PATH: /work/psl/SF/release/cm-2.0.0/linux-cortexm-2.0.0/tools/bin
PATH: /work/psl/SF/release/cm-2.0.0/linux-cortexm-2.0.0/tools/arm-2010q1/bin
PATH: /work/psl/SF/release/cm-2.0.0/linux-cortexm-2.0.0/tools/bin
PATH: /work/psl/SF/release/cm-2.0.0/linux-cortexm-2.0.0/tools/arm-2010q1/bin
PATH: /usr/lib/qt-3.3/bin
PATH: /usr/lib/ccache
PATH: /usr/local/bin
PATH: /usr/bin
PATH: /bin
PATH: /usr/games
PATH: /usr/local/sbin
PATH: /usr/sbin
PATH: /home/psl/.local/bin
PATH: /home/psl/bin


## ----------- ##
## Core tests. ##
## ----------- ##

configure:2439: checking for a BSD-compatible install
configure:2507: result: /usr/bin/install -c
configure:2518: checking whether build environment is sane
configure:2573: result: yes
configure:2632: checking for arm-uclinuxeabi-strip
configure:2648: found /work/psl/SF/release/cm-2.0.0/linux-cortexm-2.0.0/tools/arm-2010q1/bin/arm-uclinuxeabi-strip
configure:2659: result: arm-uclinuxeabi-strip
configure:2724: checking for a thread-safe mkdir -p
configure:2763: result: /usr/bin/mkdir -p
configure:2770: checking for gawk
configure:2786: found /usr/bin/gawk
configure:2797: result: gawk
configure:2808: checking whether make sets $(MAKE)
configure:2830: result: yes
configure:2859: checking whether make supports nested variables
configure:2876: result: yes
configure:2983: checking for arm-uclinuxeabi-gcc
configure:2999: found /work/psl/SF/release/cm-2.0.0/linux-cortexm-2.0.0/tools/arm-2010q1/bin/arm-uclinuxeabi-gcc
configure:3010: result: arm-uclinuxeabi-gcc
configure:3279: checking for C compiler version
configure:3288: arm-uclinuxeabi-gcc --version >&5
arm-uclinuxeabi-gcc (Sourcery G++ Lite 2010q1-189) 4.4.1
Copyright (C) 2009 Free Software Foundation, Inc.
This is free software; see the source for copying conditions.  There is NO
warranty; not even for MERCHANTABILITY or FITNESS FOR A PARTICULAR PURPOSE.

configure:3299: $? = 0
configure:3288: arm-uclinuxeabi-gcc -v >&5
Using built-in specs.
Target: arm-uclinuxeabi
Configured with: /scratch/julian/2010q1-release-uclinux-lite/src/gcc-4.4-2010q1/configure --build=i686-pc-linux-gnu --host=i686-pc-linux-gnu --target=arm-uclinuxeabi --enable-threads --disable-libmudflap --disable-libssp --disable-libstdcxx-pch --enable-extra-sgxxlite-multilibs --with-gnu-as --with-gnu-ld --with-specs='%{O2:%{!fno-remove-local-statics: -fremove-local-statics}} %{O*:%{O|O0|O1|O2|Os:;:%{!fno-remove-local-statics: -fremove-local-statics}}}' --enable-languages=c,c++ --disable-shared --disable-lto --with-pkgversion='Sourcery G++ Lite 2010q1-189' --with-bugurl=https://support.codesourcery.com/GNUToolchain/ --disable-nls --prefix=/opt/codesourcery --with-sysroot=/opt/codesourcery/arm-uclinuxeabi/libc --with-build-sysroot=/scratch/julian/2010q1-release-uclinux-lite/install/arm-uclinuxeabi/libc --with-gmp=/scratch/julian/2010q1-release-uclinux-lite/obj/host-libs-2010q1-189-arm-uclinuxeabi-i686-pc-linux-gnu/usr --with-mpfr=/scratch/julian/2010q1-release-uclinux-lite/obj/host-libs-2010q1-189-arm-uclinuxeabi-i686-pc-linux-gnu/usr --with-ppl=/scratch/julian/2010q1-release-uclinux-lite/obj/host-libs-2010q1-189-arm-uclinuxeabi-i686-pc-linux-gnu/usr --with-host-libstdcxx='-static-libgcc -Wl,-Bstatic,-lstdc++,-Bdynamic -lm' --with-cloog=/scratch/julian/2010q1-release-uclinux-lite/obj/host-libs-2010q1-189-arm-uclinuxeabi-i686-pc-linux-gnu/usr --disable-libgomp --enable-poison-system-directories --with-build-time-tools=/scratch/julian/2010q1-release-uclinux-lite/install/arm-uclinuxeabi/bin --with-build-time-tools=/scratch/julian/2010q1-release-uclinux-lite/install/arm-uclinuxeabi/bin
Thread model: single
gcc version 4.4.1 (Sourcery G++ Lite 2010q1-189) 
configure:3299: $? = 0
configure:3288: arm-uclinuxeabi-gcc -V >&5
arm-uclinuxeabi-gcc: '-V' option must have argument
configure:3299: $? = 1
configure:3288: arm-uclinuxeabi-gcc -qversion >&5
arm-uclinuxeabi-gcc: unrecognized option '-qversion'
arm-uclinuxeabi-gcc: no input files
configure:3299: $? = 1
configure:3319: checking whether the C compiler works
configure:3341: arm-uclinuxeabi-gcc -mcpu=cortex-m3 -mthumb -Os -Wall  -mcpu=cortex-m3 -mthumb conftest.c  >&5
configure:3345: $? = 0
configure:3393: result: yes
configure:3396: checking for C compiler default output file name
configure:3398: result: a.out
configure:3404: checking for suffix of executables
configure:3411: arm-uclinuxeabi-gcc -o conftest -mcpu=cortex-m3 -mthumb -Os -Wall  -mcpu=cortex-m3 -mthumb conftest.c  >&5
configure:3415: $? = 0
configure:3437: result: 
configure:3459: checking whether we are cross compiling
configure:3497: result: yes
configure:3502: checking for suffix of object files
configure:3524: arm-uclinuxeabi-gcc -c -mcpu=cortex-m3 -mthumb -Os -Wall  conftest.c >&5
configure:3528: $? = 0
configure:3549: result: o
configure:3553: checking whether we are using the GNU C compiler
configure:3572: arm-uclinuxeabi-gcc -c -mcpu=cortex-m3 -mthumb -Os -Wall  conftest.c >&5
configure:3572: $? = 0
configure:3581: result: yes
configure:3590: checking whether arm-uclinuxeabi-gcc accepts -g
configure:3610: arm-uclinuxeabi-gcc -c -g  conftest.c >&5
configure:3610: $? = 0
configure:3651: result: yes
configure:3668: checking for arm-uclinuxeabi-gcc option to accept ISO C89
configure:3731: arm-uclinuxeabi-gcc  -c -mcpu=cortex-m3 -mthumb -Os -Wall  conftest.c >&5
configure:3731: $? = 0
configure:3744: result: none needed
configure:3775: checking for style of include used by make
configure:3803: result: GNU
configure:3829: checking dependency style of arm-uclinuxeabi-gcc
configure:3940: result: gcc3
configure:3960: checking how to run the C preprocessor
configure:3991: arm-uclinuxeabi-gcc -E  conftest.c
configure:3991: $? = 0
configure:4005: arm-uclinuxeabi-gcc -E  conftest.c
conftest.c:11: fatal error: ac_nonexistent.h: No such file or directory
compilation terminated.
configure:4005: $? = 1
configure: failed program was:
| /* confdefs.h */
| #define PACKAGE_NAME "tslib"
| #define PACKAGE_TARNAME "tslib"
| #define PACKAGE_VERSION "1.0.0"
| #define PACKAGE_STRING "tslib 1.0.0"
| #define PACKAGE_BUGREPORT "kergoth@handhelds.org"
| #define PACKAGE_URL ""
| #define PACKAGE "tslib"
| #define VERSION "1.0.0"
| /* end confdefs.h.  */
| #include <ac_nonexistent.h>
configure:4030: result: arm-uclinuxeabi-gcc -E
configure:4050: arm-uclinuxeabi-gcc -E  conftest.c
configure:4050: $? = 0
configure:4064: arm-uclinuxeabi-gcc -E  conftest.c
conftest.c:11: fatal error: ac_nonexistent.h: No such file or directory
compilation terminated.
configure:4064: $? = 1
configure: failed program was:
| /* confdefs.h */
| #define PACKAGE_NAME "tslib"
| #define PACKAGE_TARNAME "tslib"
| #define PACKAGE_VERSION "1.0.0"
| #define PACKAGE_STRING "tslib 1.0.0"
| #define PACKAGE_BUGREPORT "kergoth@handhelds.org"
| #define PACKAGE_URL ""
| #define PACKAGE "tslib"
| #define VERSION "1.0.0"
| /* end confdefs.h.  */
| #include <ac_nonexistent.h>
configure:4096: checking whether the C compiler supports -fvisibility=hidden
configure:4113: arm-uclinuxeabi-gcc -c -fvisibility=hidden -mcpu=cortex-m3 -mthumb -Os -Wall  conftest.c >&5
configure:4113: $? = 0
configure:4121: result: yes
configure:4129: checking whether to use -fvisibility=hidden
configure:4142: result: yes
configure:4152: checking whether ln -s works
configure:4156: result: yes
configure:4163: checking whether make sets $(MAKE)
configure:4185: result: yes
configure:4289: checking build system type
configure:4303: result: i386-pc-linux-gnu
configure:4323: checking host system type
configure:4336: result: arm-unknown-uclinuxeabi
configure:4377: checking how to print strings
configure:4404: result: printf
configure:4425: checking for a sed that does not truncate output
configure:4489: result: /usr/bin/sed
configure:4507: checking for grep that handles long lines and -e
configure:4565: result: /usr/bin/grep
configure:4570: checking for egrep
configure:4632: result: /usr/bin/grep -E
configure:4637: checking for fgrep
configure:4699: result: /usr/bin/grep -F
configure:4734: checking for ld used by arm-uclinuxeabi-gcc
configure:4801: result: /usr/local/arm-2010q1/arm-uclinuxeabi/bin/ld
configure:4808: checking if the linker (/usr/local/arm-2010q1/arm-uclinuxeabi/bin/ld) is GNU ld
configure:4823: result: yes
configure:4835: checking for BSD- or MS-compatible name lister (nm)
configure:4884: result: /work/psl/SF/release/cm-2.0.0/linux-cortexm-2.0.0/tools/arm-2010q1/bin/arm-uclinuxeabi-nm -B
configure:5014: checking the name lister (/work/psl/SF/release/cm-2.0.0/linux-cortexm-2.0.0/tools/arm-2010q1/bin/arm-uclinuxeabi-nm -B) interface
configure:5021: arm-uclinuxeabi-gcc -c -DGCC_HASCLASSVISIBILITY -mcpu=cortex-m3 -mthumb -Os -Wall  conftest.c >&5
configure:5024: /work/psl/SF/release/cm-2.0.0/linux-cortexm-2.0.0/tools/arm-2010q1/bin/arm-uclinuxeabi-nm -B "conftest.o"
configure:5027: output
00000000 B some_variable
configure:5034: result: BSD nm
configure:5038: checking the maximum length of command line arguments
configure:5168: result: 1572864
configure:5185: checking whether the shell understands some XSI constructs
configure:5195: result: yes
configure:5199: checking whether the shell understands "+="
configure:5205: result: yes
configure:5240: checking how to convert i386-pc-linux-gnu file names to arm-unknown-uclinuxeabi format
configure:5280: result: func_convert_file_noop
configure:5287: checking how to convert i386-pc-linux-gnu file names to toolchain format
configure:5307: result: func_convert_file_noop
configure:5314: checking for /usr/local/arm-2010q1/arm-uclinuxeabi/bin/ld option to reload object files
configure:5321: result: -r
configure:5355: checking for arm-uclinuxeabi-objdump
configure:5371: found /work/psl/SF/release/cm-2.0.0/linux-cortexm-2.0.0/tools/arm-2010q1/bin/arm-uclinuxeabi-objdump
configure:5382: result: arm-uclinuxeabi-objdump
configure:5454: checking how to recognize dependent libraries
configure:5656: result: unknown
configure:5701: checking for arm-uclinuxeabi-dlltool
configure:5731: result: no
configure:5741: checking for dlltool
configure:5771: result: no
configure:5801: checking how to associate runtime and link libraries
configure:5828: result: printf %s\n
configure:5844: checking for arm-uclinuxeabi-ar
configure:5860: found /work/psl/SF/release/cm-2.0.0/linux-cortexm-2.0.0/tools/arm-2010q1/bin/arm-uclinuxeabi-ar
configure:5871: result: arm-uclinuxeabi-ar
configure:5952: checking for archiver @FILE support
configure:5969: arm-uclinuxeabi-gcc -c -DGCC_HASCLASSVISIBILITY -mcpu=cortex-m3 -mthumb -Os -Wall  conftest.c >&5
configure:5969: $? = 0
configure:5972: arm-uclinuxeabi-ar cru libconftest.a @conftest.lst >&5
configure:5975: $? = 0
configure:5980: arm-uclinuxeabi-ar cru libconftest.a @conftest.lst >&5
arm-uclinuxeabi-ar: conftest.o: No such file or directory
configure:5983: $? = 1
configure:5995: result: @
configure:6013: checking for arm-uclinuxeabi-strip
configure:6040: result: arm-uclinuxeabi-strip
configure:6112: checking for arm-uclinuxeabi-ranlib
configure:6128: found /work/psl/SF/release/cm-2.0.0/linux-cortexm-2.0.0/tools/arm-2010q1/bin/arm-uclinuxeabi-ranlib
configure:6139: result: arm-uclinuxeabi-ranlib
configure:6281: checking command to parse /work/psl/SF/release/cm-2.0.0/linux-cortexm-2.0.0/tools/arm-2010q1/bin/arm-uclinuxeabi-nm -B output from arm-uclinuxeabi-gcc object
configure:6401: arm-uclinuxeabi-gcc -c -DGCC_HASCLASSVISIBILITY -mcpu=cortex-m3 -mthumb -Os -Wall  conftest.c >&5
configure:6404: $? = 0
configure:6408: /work/psl/SF/release/cm-2.0.0/linux-cortexm-2.0.0/tools/arm-2010q1/bin/arm-uclinuxeabi-nm -B conftest.o \| sed -n -e 's/^.*[ ]\([ABCDGIRSTW][ABCDGIRSTW]*\)[ ][ ]*\([_A-Za-z][_A-Za-z0-9]*\)$/\1 \2 \2/p' | sed '/ __gnu_lto/d' \> conftest.nm
configure:6411: $? = 0
configure:6477: arm-uclinuxeabi-gcc -o conftest -DGCC_HASCLASSVISIBILITY -mcpu=cortex-m3 -mthumb -Os -Wall  -mcpu=cortex-m3 -mthumb conftest.c conftstm.o >&5
configure:6480: $? = 0
configure:6518: result: ok
configure:6555: checking for sysroot
configure:6585: result: no
configure:6807: checking for arm-uclinuxeabi-mt
configure:6837: result: no
configure:6847: checking for mt
configure:6877: result: no
configure:6897: checking if : is a manifest tool
configure:6903: : '-?'
configure:6911: result: no
configure:7549: checking for ANSI C header files
configure:7569: arm-uclinuxeabi-gcc -c -DGCC_HASCLASSVISIBILITY -mcpu=cortex-m3 -mthumb -Os -Wall  conftest.c >&5
configure:7569: $? = 0
configure:7653: result: yes
configure:7666: checking for sys/types.h
configure:7666: arm-uclinuxeabi-gcc -c -DGCC_HASCLASSVISIBILITY -mcpu=cortex-m3 -mthumb -Os -Wall  conftest.c >&5
configure:7666: $? = 0
configure:7666: result: yes
configure:7666: checking for sys/stat.h
configure:7666: arm-uclinuxeabi-gcc -c -DGCC_HASCLASSVISIBILITY -mcpu=cortex-m3 -mthumb -Os -Wall  conftest.c >&5
configure:7666: $? = 0
configure:7666: result: yes
configure:7666: checking for stdlib.h
configure:7666: arm-uclinuxeabi-gcc -c -DGCC_HASCLASSVISIBILITY -mcpu=cortex-m3 -mthumb -Os -Wall  conftest.c >&5
configure:7666: $? = 0
configure:7666: result: yes
configure:7666: checking for string.h
configure:7666: arm-uclinuxeabi-gcc -c -DGCC_HASCLASSVISIBILITY -mcpu=cortex-m3 -mthumb -Os -Wall  conftest.c >&5
configure:7666: $? = 0
configure:7666: result: yes
configure:7666: checking for memory.h
configure:7666: arm-uclinuxeabi-gcc -c -DGCC_HASCLASSVISIBILITY -mcpu=cortex-m3 -mthumb -Os -Wall  conftest.c >&5
configure:7666: $? = 0
configure:7666: result: yes
configure:7666: checking for strings.h
configure:7666: arm-uclinuxeabi-gcc -c -DGCC_HASCLASSVISIBILITY -mcpu=cortex-m3 -mthumb -Os -Wall  conftest.c >&5
configure:7666: $? = 0
configure:7666: result: yes
configure:7666: checking for inttypes.h
configure:7666: arm-uclinuxeabi-gcc -c -DGCC_HASCLASSVISIBILITY -mcpu=cortex-m3 -mthumb -Os -Wall  conftest.c >&5
configure:7666: $? = 0
configure:7666: result: yes
configure:7666: checking for stdint.h
configure:7666: arm-uclinuxeabi-gcc -c -DGCC_HASCLASSVISIBILITY -mcpu=cortex-m3 -mthumb -Os -Wall  conftest.c >&5
configure:7666: $? = 0
configure:7666: result: yes
configure:7666: checking for unistd.h
configure:7666: arm-uclinuxeabi-gcc -c -DGCC_HASCLASSVISIBILITY -mcpu=cortex-m3 -mthumb -Os -Wall  conftest.c >&5
configure:7666: $? = 0
configure:7666: result: yes
configure:7680: checking for dlfcn.h
configure:7680: arm-uclinuxeabi-gcc -c -DGCC_HASCLASSVISIBILITY -mcpu=cortex-m3 -mthumb -Os -Wall  conftest.c >&5
conftest.c:55: fatal error: dlfcn.h: No such file or directory
compilation terminated.
configure:7680: $? = 1
configure: failed program was:
| /* confdefs.h */
| #define PACKAGE_NAME "tslib"
| #define PACKAGE_TARNAME "tslib"
| #define PACKAGE_VERSION "1.0.0"
| #define PACKAGE_STRING "tslib 1.0.0"
| #define PACKAGE_BUGREPORT "kergoth@handhelds.org"
| #define PACKAGE_URL ""
| #define PACKAGE "tslib"
| #define VERSION "1.0.0"
| #define STDC_HEADERS 1
| #define HAVE_SYS_TYPES_H 1
| #define HAVE_SYS_STAT_H 1
| #define HAVE_STDLIB_H 1
| #define HAVE_STRING_H 1
| #define HAVE_MEMORY_H 1
| #define HAVE_STRINGS_H 1
| #define HAVE_INTTYPES_H 1
| #define HAVE_STDINT_H 1
| #define HAVE_UNISTD_H 1
| /* end confdefs.h.  */
| #include <stdio.h>
| #ifdef HAVE_SYS_TYPES_H
| # include <sys/types.h>
| #endif
| #ifdef HAVE_SYS_STAT_H
| # include <sys/stat.h>
| #endif
| #ifdef STDC_HEADERS
| # include <stdlib.h>
| # include <stddef.h>
| #else
| # ifdef HAVE_STDLIB_H
| #  include <stdlib.h>
| # endif
| #endif
| #ifdef HAVE_STRING_H
| # if !defined STDC_HEADERS && defined HAVE_MEMORY_H
| #  include <memory.h>
| # endif
| # include <string.h>
| #endif
| #ifdef HAVE_STRINGS_H
| # include <strings.h>
| #endif
| #ifdef HAVE_INTTYPES_H
| # include <inttypes.h>
| #endif
| #ifdef HAVE_STDINT_H
| # include <stdint.h>
| #endif
| #ifdef HAVE_UNISTD_H
| # include <unistd.h>
| #endif
| 
| #include <dlfcn.h>
configure:7680: result: no
configure:7824: checking for objdir
configure:7839: result: .libs
configure:8110: checking if arm-uclinuxeabi-gcc supports -fno-rtti -fno-exceptions
configure:8128: arm-uclinuxeabi-gcc -c -DGCC_HASCLASSVISIBILITY -mcpu=cortex-m3 -mthumb -Os -Wall  -fno-rtti -fno-exceptions conftest.c >&5
cc1: warning: command line option "-fno-rtti" is valid for C++/ObjC++ but not for C
configure:8132: $? = 0
configure:8145: result: no
configure:8472: checking for arm-uclinuxeabi-gcc option to produce PIC
configure:8479: result: -fPIC -DPIC
configure:8487: checking if arm-uclinuxeabi-gcc PIC flag -fPIC -DPIC works
configure:8505: arm-uclinuxeabi-gcc -c -DGCC_HASCLASSVISIBILITY -mcpu=cortex-m3 -mthumb -Os -Wall  -fPIC -DPIC -DPIC conftest.c >&5
configure:8509: $? = 0
configure:8522: result: yes
configure:8551: checking if arm-uclinuxeabi-gcc static flag -static works
configure:8579: result: yes
configure:8594: checking if arm-uclinuxeabi-gcc supports -c -o file.o
configure:8615: arm-uclinuxeabi-gcc -c -DGCC_HASCLASSVISIBILITY -mcpu=cortex-m3 -mthumb -Os -Wall  -o out/conftest2.o conftest.c >&5
configure:8619: $? = 0
configure:8641: result: yes
configure:8649: checking if arm-uclinuxeabi-gcc supports -c -o file.o
configure:8696: result: yes
configure:8729: checking whether the arm-uclinuxeabi-gcc linker (/usr/local/arm-2010q1/arm-uclinuxeabi/bin/ld) supports shared libraries
configure:9882: result: yes
configure:10122: checking dynamic linker characteristics
configure:10859: result: no
configure:10966: checking how to hardcode library paths into programs
configure:10991: result: immediate
configure:11085: checking for shl_load
configure:11085: arm-uclinuxeabi-gcc -o conftest -DGCC_HASCLASSVISIBILITY -mcpu=cortex-m3 -mthumb -Os -Wall  -mcpu=cortex-m3 -mthumb conftest.c  >&5
/tmp/ccQYRvFi.o: In function `main':
conftest.c:(.text+0x2): undefined reference to `shl_load'
collect2: ld returned 1 exit status
configure:11085: $? = 1
configure: failed program was:
| /* confdefs.h */
| #define PACKAGE_NAME "tslib"
| #define PACKAGE_TARNAME "tslib"
| #define PACKAGE_VERSION "1.0.0"
| #define PACKAGE_STRING "tslib 1.0.0"
| #define PACKAGE_BUGREPORT "kergoth@handhelds.org"
| #define PACKAGE_URL ""
| #define PACKAGE "tslib"
| #define VERSION "1.0.0"
| #define STDC_HEADERS 1
| #define HAVE_SYS_TYPES_H 1
| #define HAVE_SYS_STAT_H 1
| #define HAVE_STDLIB_H 1
| #define HAVE_STRING_H 1
| #define HAVE_MEMORY_H 1
| #define HAVE_STRINGS_H 1
| #define HAVE_INTTYPES_H 1
| #define HAVE_STDINT_H 1
| #define HAVE_UNISTD_H 1
| #define LT_OBJDIR ".libs/"
| /* end confdefs.h.  */
| /* Define shl_load to an innocuous variant, in case <limits.h> declares shl_load.
|    For example, HP-UX 11i <limits.h> declares gettimeofday.  */
| #define shl_load innocuous_shl_load
| 
| /* System header to define __stub macros and hopefully few prototypes,
|     which can conflict with char shl_load (); below.
|     Prefer <limits.h> to <assert.h> if __STDC__ is defined, since
|     <limits.h> exists even on freestanding compilers.  */
| 
| #ifdef __STDC__
| # include <limits.h>
| #else
| # include <assert.h>
| #endif
| 
| #undef shl_load
| 
| /* Override any GCC internal prototype to avoid an error.
|    Use char because int might match the return type of a GCC
|    builtin and then its argument prototype would still apply.  */
| #ifdef __cplusplus
| extern "C"
| #endif
| char shl_load ();
| /* The GNU C library defines this for functions which it implements
|     to always fail with ENOSYS.  Some functions are actually named
|     something starting with __ and the normal name is an alias.  */
| #if defined __stub_shl_load || defined __stub___shl_load
| choke me
| #endif
| 
| int
| main ()
| {
| return shl_load ();
|   ;
|   return 0;
| }
configure:11085: result: no
configure:11089: checking for shl_load in -ldld
configure:11114: arm-uclinuxeabi-gcc -o conftest -DGCC_HASCLASSVISIBILITY -mcpu=cortex-m3 -mthumb -Os -Wall  -mcpu=cortex-m3 -mthumb conftest.c -ldld   >&5
/usr/local/arm-2010q1/arm-uclinuxeabi/bin/ld.real: cannot find -ldld
collect2: ld returned 1 exit status
configure:11114: $? = 1
configure: failed program was:
| /* confdefs.h */
| #define PACKAGE_NAME "tslib"
| #define PACKAGE_TARNAME "tslib"
| #define PACKAGE_VERSION "1.0.0"
| #define PACKAGE_STRING "tslib 1.0.0"
| #define PACKAGE_BUGREPORT "kergoth@handhelds.org"
| #define PACKAGE_URL ""
| #define PACKAGE "tslib"
| #define VERSION "1.0.0"
| #define STDC_HEADERS 1
| #define HAVE_SYS_TYPES_H 1
| #define HAVE_SYS_STAT_H 1
| #define HAVE_STDLIB_H 1
| #define HAVE_STRING_H 1
| #define HAVE_MEMORY_H 1
| #define HAVE_STRINGS_H 1
| #define HAVE_INTTYPES_H 1
| #define HAVE_STDINT_H 1
| #define HAVE_UNISTD_H 1
| #define LT_OBJDIR ".libs/"
| /* end confdefs.h.  */
| 
| /* Override any GCC internal prototype to avoid an error.
|    Use char because int might match the return type of a GCC
|    builtin and then its argument prototype would still apply.  */
| #ifdef __cplusplus
| extern "C"
| #endif
| char shl_load ();
| int
| main ()
| {
| return shl_load ();
|   ;
|   return 0;
| }
configure:11123: result: no
configure:11128: checking for dlopen
configure:11128: arm-uclinuxeabi-gcc -o conftest -DGCC_HASCLASSVISIBILITY -mcpu=cortex-m3 -mthumb -Os -Wall  -mcpu=cortex-m3 -mthumb conftest.c  >&5
/tmp/ccyoEBLx.o: In function `main':
conftest.c:(.text+0x2): undefined reference to `dlopen'
collect2: ld returned 1 exit status
configure:11128: $? = 1
configure: failed program was:
| /* confdefs.h */
| #define PACKAGE_NAME "tslib"
| #define PACKAGE_TARNAME "tslib"
| #define PACKAGE_VERSION "1.0.0"
| #define PACKAGE_STRING "tslib 1.0.0"
| #define PACKAGE_BUGREPORT "kergoth@handhelds.org"
| #define PACKAGE_URL ""
| #define PACKAGE "tslib"
| #define VERSION "1.0.0"
| #define STDC_HEADERS 1
| #define HAVE_SYS_TYPES_H 1
| #define HAVE_SYS_STAT_H 1
| #define HAVE_STDLIB_H 1
| #define HAVE_STRING_H 1
| #define HAVE_MEMORY_H 1
| #define HAVE_STRINGS_H 1
| #define HAVE_INTTYPES_H 1
| #define HAVE_STDINT_H 1
| #define HAVE_UNISTD_H 1
| #define LT_OBJDIR ".libs/"
| /* end confdefs.h.  */
| /* Define dlopen to an innocuous variant, in case <limits.h> declares dlopen.
|    For example, HP-UX 11i <limits.h> declares gettimeofday.  */
| #define dlopen innocuous_dlopen
| 
| /* System header to define __stub macros and hopefully few prototypes,
|     which can conflict with char dlopen (); below.
|     Prefer <limits.h> to <assert.h> if __STDC__ is defined, since
|     <limits.h> exists even on freestanding compilers.  */
| 
| #ifdef __STDC__
| # include <limits.h>
| #else
| # include <assert.h>
| #endif
| 
| #undef dlopen
| 
| /* Override any GCC internal prototype to avoid an error.
|    Use char because int might match the return type of a GCC
|    builtin and then its argument prototype would still apply.  */
| #ifdef __cplusplus
| extern "C"
| #endif
| char dlopen ();
| /* The GNU C library defines this for functions which it implements
|     to always fail with ENOSYS.  Some functions are actually named
|     something starting with __ and the normal name is an alias.  */
| #if defined __stub_dlopen || defined __stub___dlopen
| choke me
| #endif
| 
| int
| main ()
| {
| return dlopen ();
|   ;
|   return 0;
| }
configure:11128: result: no
configure:11132: checking for dlopen in -ldl
configure:11157: arm-uclinuxeabi-gcc -o conftest -DGCC_HASCLASSVISIBILITY -mcpu=cortex-m3 -mthumb -Os -Wall  -mcpu=cortex-m3 -mthumb conftest.c -ldl   >&5
/usr/local/arm-2010q1/arm-uclinuxeabi/bin/ld.real: cannot find -ldl
collect2: ld returned 1 exit status
configure:11157: $? = 1
configure: failed program was:
| /* confdefs.h */
| #define PACKAGE_NAME "tslib"
| #define PACKAGE_TARNAME "tslib"
| #define PACKAGE_VERSION "1.0.0"
| #define PACKAGE_STRING "tslib 1.0.0"
| #define PACKAGE_BUGREPORT "kergoth@handhelds.org"
| #define PACKAGE_URL ""
| #define PACKAGE "tslib"
| #define VERSION "1.0.0"
| #define STDC_HEADERS 1
| #define HAVE_SYS_TYPES_H 1
| #define HAVE_SYS_STAT_H 1
| #define HAVE_STDLIB_H 1
| #define HAVE_STRING_H 1
| #define HAVE_MEMORY_H 1
| #define HAVE_STRINGS_H 1
| #define HAVE_INTTYPES_H 1
| #define HAVE_STDINT_H 1
| #define HAVE_UNISTD_H 1
| #define LT_OBJDIR ".libs/"
| /* end confdefs.h.  */
| 
| /* Override any GCC internal prototype to avoid an error.
|    Use char because int might match the return type of a GCC
|    builtin and then its argument prototype would still apply.  */
| #ifdef __cplusplus
| extern "C"
| #endif
| char dlopen ();
| int
| main ()
| {
| return dlopen ();
|   ;
|   return 0;
| }
configure:11166: result: no
configure:11171: checking for dlopen in -lsvld
configure:11196: arm-uclinuxeabi-gcc -o conftest -DGCC_HASCLASSVISIBILITY -mcpu=cortex-m3 -mthumb -Os -Wall  -mcpu=cortex-m3 -mthumb conftest.c -lsvld   >&5
/usr/local/arm-2010q1/arm-uclinuxeabi/bin/ld.real: cannot find -lsvld
collect2: ld returned 1 exit status
configure:11196: $? = 1
configure: failed program was:
| /* confdefs.h */
| #define PACKAGE_NAME "tslib"
| #define PACKAGE_TARNAME "tslib"
| #define PACKAGE_VERSION "1.0.0"
| #define PACKAGE_STRING "tslib 1.0.0"
| #define PACKAGE_BUGREPORT "kergoth@handhelds.org"
| #define PACKAGE_URL ""
| #define PACKAGE "tslib"
| #define VERSION "1.0.0"
| #define STDC_HEADERS 1
| #define HAVE_SYS_TYPES_H 1
| #define HAVE_SYS_STAT_H 1
| #define HAVE_STDLIB_H 1
| #define HAVE_STRING_H 1
| #define HAVE_MEMORY_H 1
| #define HAVE_STRINGS_H 1
| #define HAVE_INTTYPES_H 1
| #define HAVE_STDINT_H 1
| #define HAVE_UNISTD_H 1
| #define LT_OBJDIR ".libs/"
| /* end confdefs.h.  */
| 
| /* Override any GCC internal prototype to avoid an error.
|    Use char because int might match the return type of a GCC
|    builtin and then its argument prototype would still apply.  */
| #ifdef __cplusplus
| extern "C"
| #endif
| char dlopen ();
| int
| main ()
| {
| return dlopen ();
|   ;
|   return 0;
| }
configure:11205: result: no
configure:11210: checking for dld_link in -ldld
configure:11235: arm-uclinuxeabi-gcc -o conftest -DGCC_HASCLASSVISIBILITY -mcpu=cortex-m3 -mthumb -Os -Wall  -mcpu=cortex-m3 -mthumb conftest.c -ldld   >&5
/usr/local/arm-2010q1/arm-uclinuxeabi/bin/ld.real: cannot find -ldld
collect2: ld returned 1 exit status
configure:11235: $? = 1
configure: failed program was:
| /* confdefs.h */
| #define PACKAGE_NAME "tslib"
| #define PACKAGE_TARNAME "tslib"
| #define PACKAGE_VERSION "1.0.0"
| #define PACKAGE_STRING "tslib 1.0.0"
| #define PACKAGE_BUGREPORT "kergoth@handhelds.org"
| #define PACKAGE_URL ""
| #define PACKAGE "tslib"
| #define VERSION "1.0.0"
| #define STDC_HEADERS 1
| #define HAVE_SYS_TYPES_H 1
| #define HAVE_SYS_STAT_H 1
| #define HAVE_STDLIB_H 1
| #define HAVE_STRING_H 1
| #define HAVE_MEMORY_H 1
| #define HAVE_STRINGS_H 1
| #define HAVE_INTTYPES_H 1
| #define HAVE_STDINT_H 1
| #define HAVE_UNISTD_H 1
| #define LT_OBJDIR ".libs/"
| /* end confdefs.h.  */
| 
| /* Override any GCC internal prototype to avoid an error.
|    Use char because int might match the return type of a GCC
|    builtin and then its argument prototype would still apply.  */
| #ifdef __cplusplus
| extern "C"
| #endif
| char dld_link ();
| int
| main ()
| {
| return dld_link ();
|   ;
|   return 0;
| }
configure:11244: result: no
configure:11531: checking whether stripping libraries is possible
configure:11536: result: yes
configure:11571: checking if libtool supports shared libraries
configure:11573: result: no
configure:11576: checking whether to build shared libraries
configure:11597: result: no
configure:11600: checking whether to build static libraries
configure:11604: result: yes
configure:11643: checking for dlopen in -ldl
configure:11677: result: no
configure:11690: checking for size_t
configure:11690: arm-uclinuxeabi-gcc -c -DGCC_HASCLASSVISIBILITY -mcpu=cortex-m3 -mthumb -Os -Wall  conftest.c >&5
configure:11690: $? = 0
configure:11690: arm-uclinuxeabi-gcc -c -DGCC_HASCLASSVISIBILITY -mcpu=cortex-m3 -mthumb -Os -Wall  conftest.c >&5
conftest.c: In function 'main':
conftest.c:58: error: expected expression before ')' token
configure:11690: $? = 1
configure: failed program was:
| /* confdefs.h */
| #define PACKAGE_NAME "tslib"
| #define PACKAGE_TARNAME "tslib"
| #define PACKAGE_VERSION "1.0.0"
| #define PACKAGE_STRING "tslib 1.0.0"
| #define PACKAGE_BUGREPORT "kergoth@handhelds.org"
| #define PACKAGE_URL ""
| #define PACKAGE "tslib"
| #define VERSION "1.0.0"
| #define STDC_HEADERS 1
| #define HAVE_SYS_TYPES_H 1
| #define HAVE_SYS_STAT_H 1
| #define HAVE_STDLIB_H 1
| #define HAVE_STRING_H 1
| #define HAVE_MEMORY_H 1
| #define HAVE_STRINGS_H 1
| #define HAVE_INTTYPES_H 1
| #define HAVE_STDINT_H 1
| #define HAVE_UNISTD_H 1
| #define LT_OBJDIR ".libs/"
| /* end confdefs.h.  */
| #include <stdio.h>
| #ifdef HAVE_SYS_TYPES_H
| # include <sys/types.h>
| #endif
| #ifdef HAVE_SYS_STAT_H
| # include <sys/stat.h>
| #endif
| #ifdef STDC_HEADERS
| # include <stdlib.h>
| # include <stddef.h>
| #else
| # ifdef HAVE_STDLIB_H
| #  include <stdlib.h>
| # endif
| #endif
| #ifdef HAVE_STRING_H
| # if !defined STDC_HEADERS && defined HAVE_MEMORY_H
| #  include <memory.h>
| # endif
| # include <string.h>
| #endif
| #ifdef HAVE_STRINGS_H
| # include <strings.h>
| #endif
| #ifdef HAVE_INTTYPES_H
| # include <inttypes.h>
| #endif
| #ifdef HAVE_STDINT_H
| # include <stdint.h>
| #endif
| #ifdef HAVE_UNISTD_H
| # include <unistd.h>
| #endif
| int
| main ()
| {
| if (sizeof ((size_t)))
| 	    return 0;
|   ;
|   return 0;
| }
configure:11690: result: yes
configure:11703: checking for working alloca.h
configure:11720: arm-uclinuxeabi-gcc -o conftest -DGCC_HASCLASSVISIBILITY -mcpu=cortex-m3 -mthumb -Os -Wall  -mcpu=cortex-m3 -mthumb conftest.c  >&5
configure:11720: $? = 0
configure:11728: result: yes
configure:11736: checking for alloca
configure:11773: arm-uclinuxeabi-gcc -o conftest -DGCC_HASCLASSVISIBILITY -mcpu=cortex-m3 -mthumb -Os -Wall  -mcpu=cortex-m3 -mthumb conftest.c  >&5
configure:11773: $? = 0
configure:11781: result: yes
configure:11887: checking for ANSI C header files
configure:11991: result: yes
configure:12002: checking fcntl.h usability
configure:12002: arm-uclinuxeabi-gcc -c -DGCC_HASCLASSVISIBILITY -mcpu=cortex-m3 -mthumb -Os -Wall  conftest.c >&5
configure:12002: $? = 0
configure:12002: result: yes
configure:12002: checking fcntl.h presence
configure:12002: arm-uclinuxeabi-gcc -E  conftest.c
configure:12002: $? = 0
configure:12002: result: yes
configure:12002: checking for fcntl.h
configure:12002: result: yes
configure:12002: checking limits.h usability
configure:12002: arm-uclinuxeabi-gcc -c -DGCC_HASCLASSVISIBILITY -mcpu=cortex-m3 -mthumb -Os -Wall  conftest.c >&5
configure:12002: $? = 0
configure:12002: result: yes
configure:12002: checking limits.h presence
configure:12002: arm-uclinuxeabi-gcc -E  conftest.c
configure:12002: $? = 0
configure:12002: result: yes
configure:12002: checking for limits.h
configure:12002: result: yes
configure:12002: checking for stdlib.h
configure:12002: result: yes
configure:12002: checking for string.h
configure:12002: result: yes
configure:12002: checking sys/ioctl.h usability
configure:12002: arm-uclinuxeabi-gcc -c -DGCC_HASCLASSVISIBILITY -mcpu=cortex-m3 -mthumb -Os -Wall  conftest.c >&5
configure:12002: $? = 0
configure:12002: result: yes
configure:12002: checking sys/ioctl.h presence
configure:12002: arm-uclinuxeabi-gcc -E  conftest.c
configure:12002: $? = 0
configure:12002: result: yes
configure:12002: checking for sys/ioctl.h
configure:12002: result: yes
configure:12002: checking sys/time.h usability
configure:12002: arm-uclinuxeabi-gcc -c -DGCC_HASCLASSVISIBILITY -mcpu=cortex-m3 -mthumb -Os -Wall  conftest.c >&5
configure:12002: $? = 0
configure:12002: result: yes
configure:12002: checking sys/time.h presence
configure:12002: arm-uclinuxeabi-gcc -E  conftest.c
configure:12002: $? = 0
configure:12002: result: yes
configure:12002: checking for sys/time.h
configure:12002: result: yes
configure:12002: checking for unistd.h
configure:12002: result: yes
configure:12014: checking for an ANSI C-conforming const
configure:12080: arm-uclinuxeabi-gcc -c -DGCC_HASCLASSVISIBILITY -mcpu=cortex-m3 -mthumb -Os -Wall  conftest.c >&5
configure:12080: $? = 0
configure:12087: result: yes
configure:12095: checking for inline
configure:12111: arm-uclinuxeabi-gcc -c -DGCC_HASCLASSVISIBILITY -mcpu=cortex-m3 -mthumb -Os -Wall  conftest.c >&5
configure:12111: $? = 0
configure:12119: result: inline
configure:12137: checking for size_t
configure:12137: result: yes
configure:12148: checking whether time.h and sys/time.h may both be included
configure:12168: arm-uclinuxeabi-gcc -c -DGCC_HASCLASSVISIBILITY -mcpu=cortex-m3 -mthumb -Os -Wall  conftest.c >&5
configure:12168: $? = 0
configure:12175: result: yes
configure:12186: checking whether arm-uclinuxeabi-gcc needs -traditional
configure:12220: result: no
configure:12233: checking for stdlib.h
configure:12233: result: yes
configure:12233: checking for unistd.h
configure:12233: result: yes
configure:12233: checking for sys/param.h
configure:12233: arm-uclinuxeabi-gcc -c -DGCC_HASCLASSVISIBILITY -mcpu=cortex-m3 -mthumb -Os -Wall  conftest.c >&5
configure:12233: $? = 0
configure:12233: result: yes
configure:12253: checking for getpagesize
configure:12253: arm-uclinuxeabi-gcc -o conftest -DGCC_HASCLASSVISIBILITY -mcpu=cortex-m3 -mthumb -Os -Wall  -mcpu=cortex-m3 -mthumb conftest.c  >&5
configure:12253: $? = 0
configure:12253: result: yes
configure:12262: checking for working mmap
configure:12419: result: no
configure:12431: checking sys/select.h usability
configure:12431: arm-uclinuxeabi-gcc -c -DGCC_HASCLASSVISIBILITY -mcpu=cortex-m3 -mthumb -Os -Wall  conftest.c >&5
configure:12431: $? = 0
configure:12431: result: yes
configure:12431: checking sys/select.h presence
configure:12431: arm-uclinuxeabi-gcc -E  conftest.c
configure:12431: $? = 0
configure:12431: result: yes
configure:12431: checking for sys/select.h
configure:12431: result: yes
configure:12431: checking sys/socket.h usability
configure:12431: arm-uclinuxeabi-gcc -c -DGCC_HASCLASSVISIBILITY -mcpu=cortex-m3 -mthumb -Os -Wall  conftest.c >&5
configure:12431: $? = 0
configure:12431: result: yes
configure:12431: checking sys/socket.h presence
configure:12431: arm-uclinuxeabi-gcc -E  conftest.c
configure:12431: $? = 0
configure:12431: result: yes
configure:12431: checking for sys/socket.h
configure:12431: result: yes
configure:12441: checking types of arguments for select
configure:12469: arm-uclinuxeabi-gcc -c -DGCC_HASCLASSVISIBILITY -mcpu=cortex-m3 -mthumb -Os -Wall  conftest.c >&5
configure:12469: $? = 0
configure:12480: result: int,fd_set *,struct timeval *
configure:12503: checking return type of signal handlers
configure:12521: arm-uclinuxeabi-gcc -c -DGCC_HASCLASSVISIBILITY -mcpu=cortex-m3 -mthumb -Os -Wall  conftest.c >&5
conftest.c: In function 'main':
conftest.c:48: error: void value not ignored as it ought to be
configure:12521: $? = 1
configure: failed program was:
| /* confdefs.h */
| #define PACKAGE_NAME "tslib"
| #define PACKAGE_TARNAME "tslib"
| #define PACKAGE_VERSION "1.0.0"
| #define PACKAGE_STRING "tslib 1.0.0"
| #define PACKAGE_BUGREPORT "kergoth@handhelds.org"
| #define PACKAGE_URL ""
| #define PACKAGE "tslib"
| #define VERSION "1.0.0"
| #define STDC_HEADERS 1
| #define HAVE_SYS_TYPES_H 1
| #define HAVE_SYS_STAT_H 1
| #define HAVE_STDLIB_H 1
| #define HAVE_STRING_H 1
| #define HAVE_MEMORY_H 1
| #define HAVE_STRINGS_H 1
| #define HAVE_INTTYPES_H 1
| #define HAVE_STDINT_H 1
| #define HAVE_UNISTD_H 1
| #define LT_OBJDIR ".libs/"
| #define HAVE_ALLOCA_H 1
| #define HAVE_ALLOCA 1
| #define STDC_HEADERS 1
| #define HAVE_FCNTL_H 1
| #define HAVE_LIMITS_H 1
| #define HAVE_STDLIB_H 1
| #define HAVE_STRING_H 1
| #define HAVE_SYS_IOCTL_H 1
| #define HAVE_SYS_TIME_H 1
| #define HAVE_UNISTD_H 1
| #define TIME_WITH_SYS_TIME 1
| #define HAVE_STDLIB_H 1
| #define HAVE_UNISTD_H 1
| #define HAVE_SYS_PARAM_H 1
| #define HAVE_GETPAGESIZE 1
| #define HAVE_SYS_SELECT_H 1
| #define HAVE_SYS_SOCKET_H 1
| #define SELECT_TYPE_ARG1 int
| #define SELECT_TYPE_ARG234 (fd_set *)
| #define SELECT_TYPE_ARG5 (struct timeval *)
| /* end confdefs.h.  */
| #include <sys/types.h>
| #include <signal.h>
| 
| int
| main ()
| {
| return *(signal (0, 0)) (0) == 1;
|   ;
|   return 0;
| }
configure:12528: result: void
configure:12536: checking whether lstat correctly handles trailing slash
configure:12579: result: no
configure:12598: checking whether stat accepts an empty string
configure:12628: result: yes
configure:12646: checking for vprintf
configure:12646: arm-uclinuxeabi-gcc -o conftest -DGCC_HASCLASSVISIBILITY -mcpu=cortex-m3 -mthumb -Os -Wall  -mcpu=cortex-m3 -mthumb conftest.c  >&5
conftest.c:67: warning: conflicting types for built-in function 'vprintf'
configure:12646: $? = 0
configure:12646: result: yes
configure:12652: checking for _doprnt
configure:12652: arm-uclinuxeabi-gcc -o conftest -DGCC_HASCLASSVISIBILITY -mcpu=cortex-m3 -mthumb -Os -Wall  -mcpu=cortex-m3 -mthumb conftest.c  >&5
/tmp/ccaXIlU6.o: In function `main':
conftest.c:(.text+0x2): undefined reference to `_doprnt'
collect2: ld returned 1 exit status
configure:12652: $? = 1
configure: failed program was:
| /* confdefs.h */
| #define PACKAGE_NAME "tslib"
| #define PACKAGE_TARNAME "tslib"
| #define PACKAGE_VERSION "1.0.0"
| #define PACKAGE_STRING "tslib 1.0.0"
| #define PACKAGE_BUGREPORT "kergoth@handhelds.org"
| #define PACKAGE_URL ""
| #define PACKAGE "tslib"
| #define VERSION "1.0.0"
| #define STDC_HEADERS 1
| #define HAVE_SYS_TYPES_H 1
| #define HAVE_SYS_STAT_H 1
| #define HAVE_STDLIB_H 1
| #define HAVE_STRING_H 1
| #define HAVE_MEMORY_H 1
| #define HAVE_STRINGS_H 1
| #define HAVE_INTTYPES_H 1
| #define HAVE_STDINT_H 1
| #define HAVE_UNISTD_H 1
| #define LT_OBJDIR ".libs/"
| #define HAVE_ALLOCA_H 1
| #define HAVE_ALLOCA 1
| #define STDC_HEADERS 1
| #define HAVE_FCNTL_H 1
| #define HAVE_LIMITS_H 1
| #define HAVE_STDLIB_H 1
| #define HAVE_STRING_H 1
| #define HAVE_SYS_IOCTL_H 1
| #define HAVE_SYS_TIME_H 1
| #define HAVE_UNISTD_H 1
| #define TIME_WITH_SYS_TIME 1
| #define HAVE_STDLIB_H 1
| #define HAVE_UNISTD_H 1
| #define HAVE_SYS_PARAM_H 1
| #define HAVE_GETPAGESIZE 1
| #define HAVE_SYS_SELECT_H 1
| #define HAVE_SYS_SOCKET_H 1
| #define SELECT_TYPE_ARG1 int
| #define SELECT_TYPE_ARG234 (fd_set *)
| #define SELECT_TYPE_ARG5 (struct timeval *)
| #define RETSIGTYPE void
| #define HAVE_STAT_EMPTY_STRING_BUG 1
| #define HAVE_VPRINTF 1
| /* end confdefs.h.  */
| /* Define _doprnt to an innocuous variant, in case <limits.h> declares _doprnt.
|    For example, HP-UX 11i <limits.h> declares gettimeofday.  */
| #define _doprnt innocuous__doprnt
| 
| /* System header to define __stub macros and hopefully few prototypes,
|     which can conflict with char _doprnt (); below.
|     Prefer <limits.h> to <assert.h> if __STDC__ is defined, since
|     <limits.h> exists even on freestanding compilers.  */
| 
| #ifdef __STDC__
| # include <limits.h>
| #else
| # include <assert.h>
| #endif
| 
| #undef _doprnt
| 
| /* Override any GCC internal prototype to avoid an error.
|    Use char because int might match the return type of a GCC
|    builtin and then its argument prototype would still apply.  */
| #ifdef __cplusplus
| extern "C"
| #endif
| char _doprnt ();
| /* The GNU C library defines this for functions which it implements
|     to always fail with ENOSYS.  Some functions are actually named
|     something starting with __ and the normal name is an alias.  */
| #if defined __stub__doprnt || defined __stub____doprnt
| choke me
| #endif
| 
| int
| main ()
| {
| return _doprnt ();
|   ;
|   return 0;
| }
configure:12652: result: no
configure:12666: checking for gettimeofday
configure:12666: arm-uclinuxeabi-gcc -o conftest -DGCC_HASCLASSVISIBILITY -mcpu=cortex-m3 -mthumb -Os -Wall  -mcpu=cortex-m3 -mthumb conftest.c  >&5
configure:12666: $? = 0
configure:12666: result: yes
configure:12666: checking for memmove
configure:12666: arm-uclinuxeabi-gcc -o conftest -DGCC_HASCLASSVISIBILITY -mcpu=cortex-m3 -mthumb -Os -Wall  -mcpu=cortex-m3 -mthumb conftest.c  >&5
conftest.c:69: warning: conflicting types for built-in function 'memmove'
configure:12666: $? = 0
configure:12666: result: yes
configure:12666: checking for memset
configure:12666: arm-uclinuxeabi-gcc -o conftest -DGCC_HASCLASSVISIBILITY -mcpu=cortex-m3 -mthumb -Os -Wall  -mcpu=cortex-m3 -mthumb conftest.c  >&5
conftest.c:70: warning: conflicting types for built-in function 'memset'
configure:12666: $? = 0
configure:12666: result: yes
configure:12666: checking for munmap
configure:12666: arm-uclinuxeabi-gcc -o conftest -DGCC_HASCLASSVISIBILITY -mcpu=cortex-m3 -mthumb -Os -Wall  -mcpu=cortex-m3 -mthumb conftest.c  >&5
configure:12666: $? = 0
configure:12666: result: yes
configure:12666: checking for select
configure:12666: arm-uclinuxeabi-gcc -o conftest -DGCC_HASCLASSVISIBILITY -mcpu=cortex-m3 -mthumb -Os -Wall  -mcpu=cortex-m3 -mthumb conftest.c  >&5
configure:12666: $? = 0
configure:12666: result: yes
configure:12666: checking for strcasecmp
configure:12666: arm-uclinuxeabi-gcc -o conftest -DGCC_HASCLASSVISIBILITY -mcpu=cortex-m3 -mthumb -Os -Wall  -mcpu=cortex-m3 -mthumb conftest.c  >&5
conftest.c:73: warning: conflicting types for built-in function 'strcasecmp'
configure:12666: $? = 0
configure:12666: result: yes
configure:12666: checking for strchr
configure:12666: arm-uclinuxeabi-gcc -o conftest -DGCC_HASCLASSVISIBILITY -mcpu=cortex-m3 -mthumb -Os -Wall  -mcpu=cortex-m3 -mthumb conftest.c  >&5
conftest.c:74: warning: conflicting types for built-in function 'strchr'
configure:12666: $? = 0
configure:12666: result: yes
configure:12666: checking for strdup
configure:12666: arm-uclinuxeabi-gcc -o conftest -DGCC_HASCLASSVISIBILITY -mcpu=cortex-m3 -mthumb -Os -Wall  -mcpu=cortex-m3 -mthumb conftest.c  >&5
conftest.c:75: warning: conflicting types for built-in function 'strdup'
configure:12666: $? = 0
configure:12666: result: yes
configure:12666: checking for strtoul
configure:12666: arm-uclinuxeabi-gcc -o conftest -DGCC_HASCLASSVISIBILITY -mcpu=cortex-m3 -mthumb -Os -Wall  -mcpu=cortex-m3 -mthumb conftest.c  >&5
configure:12666: $? = 0
configure:12666: result: yes
configure:12679: checking whether linear module is requested
configure:12689: result: static
configure:12718: checking whether dejitter module is requested
configure:12728: result: static
configure:12757: checking whether linear-h2200 module is requested
configure:12767: result: no
configure:12796: checking whether variance module is requested
configure:12806: result: static
configure:12835: checking whether pthres module is requested
configure:12845: result: static
configure:12876: checking whether ucb1x00 module is requested
configure:12886: result: no
configure:12915: checking whether cy8mrln-palmpre module is requested
configure:12925: result: no
configure:12954: checking whether corgi module is requested
configure:12964: result: no
configure:12993: checking whether collie module is requested
configure:13003: result: no
configure:13032: checking whether h3600 module is requested
configure:13042: result: no
configure:13071: checking whether mk712 module is requested
configure:13081: result: no
configure:13110: checking whether arctic2 module is requested
configure:13120: result: no
configure:13149: checking whether tatung module is requested
configure:13159: result: no
configure:13188: checking whether dmc module is requested
configure:13198: result: no
configure:13227: checking whether input module is requested
configure:13237: result: static
configure:13266: checking whether touchkit module is requested
configure:13276: result: no
configure:13304: checking where to place modules
configure:13314: result: ${libdir}/ts
configure:13318: checking whether to enable debugging
configure:13327: result: no
configure:13466: checking that generated files are newer than configure
configure:13472: result: done
configure:13623: creating ./config.status

## ---------------------- ##
## Running config.status. ##
## ---------------------- ##

This file was extended by tslib config.status 1.0.0, which was
generated by GNU Autoconf 2.69.  Invocation command line was

  CONFIG_FILES    = 
  CONFIG_HEADERS  = 
  CONFIG_LINKS    = 
  CONFIG_COMMANDS = 
  $ ./config.status 

on skywanderer.emcraft.com

config.status:1195: creating Makefile
config.status:1195: creating etc/Makefile
config.status:1195: creating plugins/Makefile
config.status:1195: creating src/Makefile
config.status:1195: creating tests/Makefile
config.status:1195: creating tslib.pc
config.status:1195: creating tslib-1.0.pc
config.status:1195: creating config.h
config.status:1424: executing depfiles commands
config.status:1424: executing libtool commands

## ---------------- ##
## Cache variables. ##
## ---------------- ##

ac_cv_build=i386-pc-linux-gnu
ac_cv_c_compiler_gnu=yes
ac_cv_c_const=yes
ac_cv_c_inline=inline
ac_cv_env_CC_set=
ac_cv_env_CC_value=
ac_cv_env_CFLAGS_set=set
ac_cv_env_CFLAGS_value='-mcpu=cortex-m3 -mthumb -Os -Wall'
ac_cv_env_CPPFLAGS_set=
ac_cv_env_CPPFLAGS_value=
ac_cv_env_CPP_set=
ac_cv_env_CPP_value=
ac_cv_env_LDFLAGS_set=set
ac_cv_env_LDFLAGS_value='-mcpu=cortex-m3 -mthumb'
ac_cv_env_LIBS_set=
ac_cv_env_LIBS_value=
ac_cv_env_build_alias_set=set
ac_cv_env_build_alias_value=i386-linux
ac_cv_env_host_alias_set=set
ac_cv_env_host_alias_value=arm-uclinuxeabi
ac_cv_env_target_alias_set=
ac_cv_env_target_alias_value=
ac_cv_func__doprnt=no
ac_cv_func_alloca_works=yes
ac_cv_func_dlopen=no
ac_cv_func_getpagesize=yes
ac_cv_func_gettimeofday=yes
ac_cv_func_lstat_dereferences_slashed_symlink=no
ac_cv_func_memmove=yes
ac_cv_func_memset=yes
ac_cv_func_mmap_fixed_mapped=no
ac_cv_func_munmap=yes
ac_cv_func_select=yes
ac_cv_func_select_args='int,fd_set *,struct timeval *'
ac_cv_func_shl_load=no
ac_cv_func_stat_empty_string_bug=yes
ac_cv_func_strcasecmp=yes
ac_cv_func_strchr=yes
ac_cv_func_strdup=yes
ac_cv_func_strtoul=yes
ac_cv_func_vprintf=yes
ac_cv_header_dlfcn_h=no
ac_cv_header_fcntl_h=yes
ac_cv_header_inttypes_h=yes
ac_cv_header_limits_h=yes
ac_cv_header_memory_h=yes
ac_cv_header_stdc=yes
ac_cv_header_stdint_h=yes
ac_cv_header_stdlib_h=yes
ac_cv_header_string_h=yes
ac_cv_header_strings_h=yes
ac_cv_header_sys_ioctl_h=yes
ac_cv_header_sys_param_h=yes
ac_cv_header_sys_select_h=yes
ac_cv_header_sys_socket_h=yes
ac_cv_header_sys_stat_h=yes
ac_cv_header_sys_time_h=yes
ac_cv_header_sys_types_h=yes
ac_cv_header_time=yes
ac_cv_header_unistd_h=yes
ac_cv_host=arm-unknown-uclinuxeabi
ac_cv_lib_dl_dlopen=no
ac_cv_lib_dld_dld_link=no
ac_cv_lib_dld_shl_load=no
ac_cv_lib_svld_dlopen=no
ac_cv_objext=o
ac_cv_path_EGREP='/usr/bin/grep -E'
ac_cv_path_FGREP='/usr/bin/grep -F'
ac_cv_path_GREP=/usr/bin/grep
ac_cv_path_SED=/usr/bin/sed
ac_cv_path_install='/usr/bin/install -c'
ac_cv_path_mkdir=/usr/bin/mkdir
ac_cv_prog_AR=arm-uclinuxeabi-ar
ac_cv_prog_AWK=gawk
ac_cv_prog_CC=arm-uclinuxeabi-gcc
ac_cv_prog_CPP='arm-uclinuxeabi-gcc -E'
ac_cv_prog_OBJDUMP=arm-uclinuxeabi-objdump
ac_cv_prog_RANLIB=arm-uclinuxeabi-ranlib
ac_cv_prog_STRIP=arm-uclinuxeabi-strip
ac_cv_prog_cc_c89=
ac_cv_prog_cc_g=yes
ac_cv_prog_gcc_traditional=no
ac_cv_prog_make_make_set=yes
ac_cv_type_signal=void
ac_cv_type_size_t=yes
ac_cv_working_alloca_h=yes
am_cv_CC_dependencies_compiler_type=gcc3
am_cv_make_support_nested_variables=yes
bb_cv_cc_supports_hidden_visibility=yes
lt_cv_ar_at_file=@
lt_cv_deplibs_check_method=unknown
lt_cv_dlopen=no
lt_cv_dlopen_libs=
lt_cv_file_magic_cmd='$MAGIC_CMD'
lt_cv_file_magic_test_file=
lt_cv_ld_reload_flag=-r
lt_cv_nm_interface='BSD nm'
lt_cv_objdir=.libs
lt_cv_path_LD=/usr/local/arm-2010q1/arm-uclinuxeabi/bin/ld
lt_cv_path_NM='/work/psl/SF/release/cm-2.0.0/linux-cortexm-2.0.0/tools/arm-2010q1/bin/arm-uclinuxeabi-nm -B'
lt_cv_path_mainfest_tool=no
lt_cv_prog_compiler_c_o=yes
lt_cv_prog_compiler_pic='-fPIC -DPIC'
lt_cv_prog_compiler_pic_works=yes
lt_cv_prog_compiler_rtti_exceptions=no
lt_cv_prog_compiler_static_works=yes
lt_cv_prog_gnu_ld=yes
lt_cv_sharedlib_from_linklib_cmd='printf %s\n'
lt_cv_sys_global_symbol_pipe='sed -n -e '\''s/^.*[	 ]\([ABCDGIRSTW][ABCDGIRSTW]*\)[	 ][	 ]*\([_A-Za-z][_A-Za-z0-9]*\)$/\1 \2 \2/p'\'' | sed '\''/ __gnu_lto/d'\'''
lt_cv_sys_global_symbol_to_c_name_address='sed -n -e '\''s/^: \([^ ]*\)[ ]*$/  {\"\1\", (void *) 0},/p'\'' -e '\''s/^[ABCDGIRSTW]* \([^ ]*\) \([^ ]*\)$/  {"\2", (void *) \&\2},/p'\'''
lt_cv_sys_global_symbol_to_c_name_address_lib_prefix='sed -n -e '\''s/^: \([^ ]*\)[ ]*$/  {\"\1\", (void *) 0},/p'\'' -e '\''s/^[ABCDGIRSTW]* \([^ ]*\) \(lib[^ ]*\)$/  {"\2", (void *) \&\2},/p'\'' -e '\''s/^[ABCDGIRSTW]* \([^ ]*\) \([^ ]*\)$/  {"lib\2", (void *) \&\2},/p'\'''
lt_cv_sys_global_symbol_to_cdecl='sed -n -e '\''s/^T .* \(.*\)$/extern int \1();/p'\'' -e '\''s/^[ABCDGIRSTW]* .* \(.*\)$/extern char \1;/p'\'''
lt_cv_sys_max_cmd_len=1572864
lt_cv_to_host_file_cmd=func_convert_file_noop
lt_cv_to_tool_file_cmd=func_convert_file_noop

## ----------------- ##
## Output variables. ##
## ----------------- ##

ACLOCAL='${SHELL} /work/psl/SF/release/cm-2.0.0/linux-cortexm-2.0.0/A2F/tslib/missing aclocal-1.13'
ALLOCA=''
AMDEPBACKSLASH='\'
AMDEP_FALSE='#'
AMDEP_TRUE=''
AMTAR='$${TAR-tar}'
AM_BACKSLASH='\'
AM_DEFAULT_V='$(AM_DEFAULT_VERBOSITY)'
AM_DEFAULT_VERBOSITY='1'
AM_V='$(V)'
AR='arm-uclinuxeabi-ar'
AUTOCONF='${SHELL} /work/psl/SF/release/cm-2.0.0/linux-cortexm-2.0.0/A2F/tslib/missing autoconf'
AUTOHEADER='${SHELL} /work/psl/SF/release/cm-2.0.0/linux-cortexm-2.0.0/A2F/tslib/missing autoheader'
AUTOMAKE='${SHELL} /work/psl/SF/release/cm-2.0.0/linux-cortexm-2.0.0/A2F/tslib/missing automake-1.13'
AWK='gawk'
CC='arm-uclinuxeabi-gcc'
CCDEPMODE='depmode=gcc3'
CFLAGS='-DGCC_HASCLASSVISIBILITY -mcpu=cortex-m3 -mthumb -Os -Wall'
CPP='arm-uclinuxeabi-gcc -E'
CPPFLAGS=''
CYGPATH_W='echo'
DEBUGFLAGS=''
DEFS='-DHAVE_CONFIG_H'
DEPDIR='.deps'
DLLTOOL='false'
DSYMUTIL=''
DUMPBIN=''
ECHO_C=''
ECHO_N='-n'
ECHO_T=''
EGREP='/usr/bin/grep -E'
ENABLE_ARCTIC2_MODULE_FALSE=''
ENABLE_ARCTIC2_MODULE_TRUE='#'
ENABLE_COLLIE_MODULE_FALSE=''
ENABLE_COLLIE_MODULE_TRUE='#'
ENABLE_CORGI_MODULE_FALSE=''
ENABLE_CORGI_MODULE_TRUE='#'
ENABLE_CY8MRLN_PALMPRE_MODULE_FALSE=''
ENABLE_CY8MRLN_PALMPRE_MODULE_TRUE='#'
ENABLE_DEJITTER_MODULE_FALSE=''
ENABLE_DEJITTER_MODULE_TRUE='#'
ENABLE_DMC_MODULE_FALSE=''
ENABLE_DMC_MODULE_TRUE='#'
ENABLE_H3600_MODULE_FALSE=''
ENABLE_H3600_MODULE_TRUE='#'
ENABLE_INPUT_MODULE_FALSE=''
ENABLE_INPUT_MODULE_TRUE='#'
ENABLE_LINEAR_H2200_MODULE_FALSE=''
ENABLE_LINEAR_H2200_MODULE_TRUE='#'
ENABLE_LINEAR_MODULE_FALSE=''
ENABLE_LINEAR_MODULE_TRUE='#'
ENABLE_MK712_MODULE_FALSE=''
ENABLE_MK712_MODULE_TRUE='#'
ENABLE_PTHRES_MODULE_FALSE=''
ENABLE_PTHRES_MODULE_TRUE='#'
ENABLE_STATIC_ARCTIC2_MODULE_FALSE=''
ENABLE_STATIC_ARCTIC2_MODULE_TRUE='#'
ENABLE_STATIC_COLLIE_MODULE_FALSE=''
ENABLE_STATIC_COLLIE_MODULE_TRUE='#'
ENABLE_STATIC_CORGI_MODULE_FALSE=''
ENABLE_STATIC_CORGI_MODULE_TRUE='#'
ENABLE_STATIC_CY8MRLN_PALMPRE_MODULE_FALSE=''
ENABLE_STATIC_CY8MRLN_PALMPRE_MODULE_TRUE='#'
ENABLE_STATIC_DEJITTER_MODULE_FALSE='#'
ENABLE_STATIC_DEJITTER_MODULE_TRUE=''
ENABLE_STATIC_DMC_MODULE_FALSE=''
ENABLE_STATIC_DMC_MODULE_TRUE='#'
ENABLE_STATIC_H3600_MODULE_FALSE=''
ENABLE_STATIC_H3600_MODULE_TRUE='#'
ENABLE_STATIC_INPUT_MODULE_FALSE='#'
ENABLE_STATIC_INPUT_MODULE_TRUE=''
ENABLE_STATIC_LINEAR_H2200_MODULE_FALSE=''
ENABLE_STATIC_LINEAR_H2200_MODULE_TRUE='#'
ENABLE_STATIC_LINEAR_MODULE_FALSE='#'
ENABLE_STATIC_LINEAR_MODULE_TRUE=''
ENABLE_STATIC_MK712_MODULE_FALSE=''
ENABLE_STATIC_MK712_MODULE_TRUE='#'
ENABLE_STATIC_PTHRES_MODULE_FALSE='#'
ENABLE_STATIC_PTHRES_MODULE_TRUE=''
ENABLE_STATIC_TATUNG_MODULE_FALSE=''
ENABLE_STATIC_TATUNG_MODULE_TRUE='#'
ENABLE_STATIC_TOUCHKIT_MODULE_FALSE=''
ENABLE_STATIC_TOUCHKIT_MODULE_TRUE='#'
ENABLE_STATIC_UCB1X00_MODULE_FALSE=''
ENABLE_STATIC_UCB1X00_MODULE_TRUE='#'
ENABLE_STATIC_VARIANCE_MODULE_FALSE='#'
ENABLE_STATIC_VARIANCE_MODULE_TRUE=''
ENABLE_TATUNG_MODULE_FALSE=''
ENABLE_TATUNG_MODULE_TRUE='#'
ENABLE_TOUCHKIT_MODULE_FALSE=''
ENABLE_TOUCHKIT_MODULE_TRUE='#'
ENABLE_UCB1X00_MODULE_FALSE=''
ENABLE_UCB1X00_MODULE_TRUE='#'
ENABLE_VARIANCE_MODULE_FALSE=''
ENABLE_VARIANCE_MODULE_TRUE='#'
EXEEXT=''
FGREP='/usr/bin/grep -F'
GREP='/usr/bin/grep'
INSTALL_DATA='${INSTALL} -m 644'
INSTALL_PROGRAM='${INSTALL}'
INSTALL_SCRIPT='${INSTALL}'
INSTALL_STRIP_PROGRAM='$(install_sh) -c -s'
LD='/usr/local/arm-2010q1/arm-uclinuxeabi/bin/ld'
LDFLAGS='-mcpu=cortex-m3 -mthumb'
LIBFLAGS='-DTSLIB_INTERNAL'
LIBOBJS=' ${LIBOBJDIR}lstat$U.o ${LIBOBJDIR}stat$U.o'
LIBS=''
LIBTOOL='$(SHELL) $(top_builddir)/libtool'
LIPO=''
LN_S='ln -s'
LTLIBOBJS=' ${LIBOBJDIR}lstat$U.lo ${LIBOBJDIR}stat$U.lo'
LT_AGE='0'
LT_CURRENT='0'
LT_RELEASE='1.0'
LT_REVISION='0'
MAKEINFO='${SHELL} /work/psl/SF/release/cm-2.0.0/linux-cortexm-2.0.0/A2F/tslib/missing makeinfo'
MANIFEST_TOOL=':'
MKDIR_P='/usr/bin/mkdir -p'
NM='/work/psl/SF/release/cm-2.0.0/linux-cortexm-2.0.0/tools/arm-2010q1/bin/arm-uclinuxeabi-nm -B'
NMEDIT=''
OBJDUMP='arm-uclinuxeabi-objdump'
OBJEXT='o'
OTOOL64=''
OTOOL=''
PACKAGE='tslib'
PACKAGE_BUGREPORT='kergoth@handhelds.org'
PACKAGE_DESCRIPTION='Touchscreen Access Library'
PACKAGE_NAME='tslib'
PACKAGE_STRING='tslib 1.0.0'
PACKAGE_TARNAME='tslib'
PACKAGE_URL=''
PACKAGE_VERSION='1.0.0'
PATH_SEPARATOR=':'
PLUGIN_DIR='${libdir}/ts'
RANLIB='arm-uclinuxeabi-ranlib'
SED='/usr/bin/sed'
SET_MAKE=''
SHELL='/bin/sh'
STRIP='arm-uclinuxeabi-strip'
TS_CONF='${sysconfdir}/ts.conf'
TS_POINTERCAL='${sysconfdir}/pointercal'
VERSION='1.0.0'
VIS_CFLAGS='-fvisibility=hidden'
ac_ct_AR=''
ac_ct_CC=''
ac_ct_DUMPBIN=''
am__EXEEXT_FALSE=''
am__EXEEXT_TRUE='#'
am__fastdepCC_FALSE='#'
am__fastdepCC_TRUE=''
am__include='include'
am__isrc=''
am__leading_dot='.'
am__nodep='_no'
am__quote=''
am__tar='$${TAR-tar} chof - "$$tardir"'
am__untar='$${TAR-tar} xf -'
bindir='/usr/bin'
build='i386-pc-linux-gnu'
build_alias='i386-linux'
build_cpu='i386'
build_os='linux-gnu'
build_vendor='pc'
datadir='${datarootdir}'
datarootdir='${prefix}/share'
docdir='${datarootdir}/doc/${PACKAGE_TARNAME}'
dvidir='${docdir}'
exec_prefix='${prefix}'
host='arm-unknown-uclinuxeabi'
host_alias='arm-uclinuxeabi'
host_cpu='arm'
host_os='uclinuxeabi'
host_vendor='unknown'
htmldir='${docdir}'
includedir='/usr/include'
infodir='${datarootdir}/info'
install_sh='${SHELL} /work/psl/SF/release/cm-2.0.0/linux-cortexm-2.0.0/A2F/tslib/install-sh'
libdir='/usr/lib'
libexecdir='${exec_prefix}/libexec'
localedir='${datarootdir}/locale'
localstatedir='${prefix}/var'
mandir='${datarootdir}/man'
mkdir_p='$(MKDIR_P)'
oldincludedir='/usr/include'
pdfdir='${docdir}'
prefix='/usr/local'
program_transform_name='s,x,x,'
psdir='${docdir}'
sbindir='${exec_prefix}/sbin'
sharedstatedir='${prefix}/com'
sysconfdir='/etc'
target_alias=''

## ----------- ##
## confdefs.h. ##
## ----------- ##

/* confdefs.h */
#define PACKAGE_NAME "tslib"
#define PACKAGE_TARNAME "tslib"
#define PACKAGE_VERSION "1.0.0"
#define PACKAGE_STRING "tslib 1.0.0"
#define PACKAGE_BUGREPORT "kergoth@handhelds.org"
#define PACKAGE_URL ""
#define PACKAGE "tslib"
#define VERSION "1.0.0"
#define STDC_HEADERS 1
#define HAVE_SYS_TYPES_H 1
#define HAVE_SYS_STAT_H 1
#define HAVE_STDLIB_H 1
#define HAVE_STRING_H 1
#define HAVE_MEMORY_H 1
#define HAVE_STRINGS_H 1
#define HAVE_INTTYPES_H 1
#define HAVE_STDINT_H 1
#define HAVE_UNISTD_H 1
#define LT_OBJDIR ".libs/"
#define HAVE_ALLOCA_H 1
#define HAVE_ALLOCA 1
#define STDC_HEADERS 1
#define HAVE_FCNTL_H 1
#define HAVE_LIMITS_H 1
#define HAVE_STDLIB_H 1
#define HAVE_STRING_H 1
#define HAVE_SYS_IOCTL_H 1
#define HAVE_SYS_TIME_H 1
#define HAVE_UNISTD_H 1
#define TIME_WITH_SYS_TIME 1
#define HAVE_STDLIB_H 1
#define HAVE_UNISTD_H 1
#define HAVE_SYS_PARAM_H 1
#define HAVE_GETPAGESIZE 1
#define HAVE_SYS_SELECT_H 1
#define HAVE_SYS_SOCKET_H 1
#define SELECT_TYPE_ARG1 int
#define SELECT_TYPE_ARG234 (fd_set *)
#define SELECT_TYPE_ARG5 (struct timeval *)
#define RETSIGTYPE void
#define HAVE_STAT_EMPTY_STRING_BUG 1
#define HAVE_VPRINTF 1
#define HAVE_GETTIMEOFDAY 1
#define HAVE_MEMMOVE 1
#define HAVE_MEMSET 1
#define HAVE_MUNMAP 1
#define HAVE_SELECT 1
#define HAVE_STRCASECMP 1
#define HAVE_STRCHR 1
#define HAVE_STRDUP 1
#define HAVE_STRTOUL 1
#define TSLIB_STATIC_LINEAR_MODULE 1
#define TSLIB_STATIC_DEJITTER_MODULE 1
#define TSLIB_STATIC_VARIANCE_MODULE 1
#define TSLIB_STATIC_PTHRES_MODULE 1
#define TSLIB_STATIC_INPUT_MODULE 1

configure: exit 0
